Build started 9/15/2013 3:35:00 AM.
     1>Project "A:\ChalkGolem\ChalkGolem\ChalkGolem\ChalkGolem.vcxproj" on node 2 (build target(s)).
     1>InitializeBuildStatus:
         Creating "Debug\ChalkGolem.unsuccessfulbuild" because "AlwaysCreate" was specified.
       ClCompile:
         C:\Program Files (x86)\Microsoft Visual Studio 10.0\VC\bin\CL.exe /c /ZI /nologo /W3 /WX- /Od /Oy- /D _MBCS /Gm /EHsc /RTC1 /MDd /GS /fp:precise /Zc:wchar_t /Zc:forScope /Fo"Debug\\" /Fd"Debug\vc100.pdb" /Gd /TP /analyze- /errorReport:prompt main.cpp
         main.cpp
     1>a:\chalkgolem\chalkgolem\chalkgolem\main.cpp(18): warning C4244: 'argument' : conversion from 'time_t' to 'unsigned int', possible loss of data
       Link:
         C:\Program Files (x86)\Microsoft Visual Studio 10.0\VC\bin\link.exe /ERRORREPORT:PROMPT /OUT:"A:\ChalkGolem\ChalkGolem\Debug\ChalkGolem.exe" /NOLOGO kernel32.lib user32.lib gdi32.lib winspool.lib comdlg32.lib advapi32.lib shell32.lib ole32.lib oleaut32.lib uuid.lib odbc32.lib odbccp32.lib /MANIFEST /ManifestFile:"Debug\ChalkGolem.exe.intermediate.manifest" /MANIFESTUAC:"level='asInvoker' uiAccess='false'" /DEBUG /PDB:"A:\ChalkGolem\ChalkGolem\Debug\ChalkGolem.pdb" /TLBID:1 /DYNAMICBASE /NXCOMPAT /IMPLIB:"A:\ChalkGolem\ChalkGolem\Debug\ChalkGolem.lib" /MACHINE:X86 Debug\main.obj
         LINK : A:\ChalkGolem\ChalkGolem\Debug\ChalkGolem.exe not found or not built by the last incremental link; performing full link
         ChalkGolem.vcxproj -> A:\ChalkGolem\ChalkGolem\Debug\ChalkGolem.exe
       Manifest:
         C:\Program Files (x86)\Microsoft SDKs\Windows\v7.0A\bin\mt.exe /nologo /verbose /outputresource:"A:\ChalkGolem\ChalkGolem\Debug\ChalkGolem.exe;#1" /manifest Debug\ChalkGolem.exe.intermediate.manifest
       FinalizeBuildStatus:
         Deleting file "Debug\ChalkGolem.unsuccessfulbuild".
         Touching "Debug\ChalkGolem.lastbuildstate".
     1>Done Building Project "A:\ChalkGolem\ChalkGolem\ChalkGolem\ChalkGolem.vcxproj" (build target(s)).

Build succeeded.

Time Elapsed 00:00:00.66
