Build started 9/15/2013 3:40:23 AM.
     1>Project "A:\ChalkGolem\ChalkGolem\ChalkGolem\ChalkGolem.vcxproj" on node 2 (build target(s)).
     1>InitializeBuildStatus:
         Creating "Release\ChalkGolem.unsuccessfulbuild" because "AlwaysCreate" was specified.
       ClCompile:
         C:\Program Files (x86)\Microsoft Visual Studio 10.0\VC\bin\CL.exe /c /Zi /nologo /W3 /WX- /O2 /Oi /Oy- /GL /D _MBCS /Gm- /EHsc /MD /GS /Gy /fp:precise /Zc:wchar_t /Zc:forScope /Fo"Release\\" /Fd"Release\vc100.pdb" /Gd /TP /analyze- /errorReport:prompt main.cpp
         main.cpp
     1>main.cpp(18): warning C4244: 'argument' : conversion from 'time_t' to 'unsigned int', possible loss of data
       Link:
         C:\Program Files (x86)\Microsoft Visual Studio 10.0\VC\bin\link.exe /ERRORREPORT:PROMPT /OUT:"A:\ChalkGolem\ChalkGolem\Release\ChalkGolem.exe" /NOLOGO kernel32.lib user32.lib gdi32.lib winspool.lib comdlg32.lib advapi32.lib shell32.lib ole32.lib oleaut32.lib uuid.lib odbc32.lib odbccp32.lib /MANIFEST /ManifestFile:"Release\ChalkGolem.exe.intermediate.manifest" /MANIFESTUAC:"level='asInvoker' uiAccess='false'" /DEBUG /PDB:"A:\ChalkGolem\ChalkGolem\Release\ChalkGolem.pdb" /OPT:REF /OPT:ICF /LTCG /TLBID:1 /DYNAMICBASE /NXCOMPAT /IMPLIB:"A:\ChalkGolem\ChalkGolem\Release\ChalkGolem.lib" /MACHINE:X86 Release\main.obj
         Generating code
         Finished generating code
         ChalkGolem.vcxproj -> A:\ChalkGolem\ChalkGolem\Release\ChalkGolem.exe
       Manifest:
         C:\Program Files (x86)\Microsoft SDKs\Windows\v7.0A\bin\mt.exe /nologo /verbose /outputresource:"A:\ChalkGolem\ChalkGolem\Release\ChalkGolem.exe;#1" /manifest Release\ChalkGolem.exe.intermediate.manifest
       FinalizeBuildStatus:
         Deleting file "Release\ChalkGolem.unsuccessfulbuild".
         Touching "Release\ChalkGolem.lastbuildstate".
     1>Done Building Project "A:\ChalkGolem\ChalkGolem\ChalkGolem\ChalkGolem.vcxproj" (build target(s)).

Build succeeded.

Time Elapsed 00:00:00.63
